OS: type: Windows
Version: Windows 1010.0.19044
Hostname: LAPTOP-891V1DST
Locale: en-US

Keylogs:

        ,--..01111222222344557889:::ABCCCDDHHKLLMNOPSSTTUUVVVV[[[[\\\\\\\\\]]]]_aaaaaaaccccddddddeeeeeeeeefgiiiiiiklllmmmnooooooooopprrrrrrsssssssstttuuuvxx
        --..11112222223458::ACCCDDEHHKLMNPRRSSTUUVVVV[[[[\\\\\\\\\]]]]_aaaaaaaccccddddddeeeeeeeeefgiiiiiiklllmmmnooooooooopprrrrrrsssssssstttuuuvxx
        --..11112222223458::ACCCDDHHKLMPPSSUUVVVV[[[[\\\\\\\\\]]]]_aaaaaaaccccddddddeeeeeeeeefgiiiiiiklllmmmnooooooooopprrrrrrsssssssstttuuuvxx
        --..11112222224558::ACCCCDDHHKLLMNOOPRSSTUVVVV[[[[\\\\\\\\\]]]]_aaaaaaaccccddddddeeeeeeeeefgiiiiiiklllmmmnooooooooopprrrrrrsssssssstttuuuvxx
        --..11112222224558::ACCCCDDHHKLLMNOOPRRSSTUVVVV[[[[\\\\\\\\\]]]]_aaaaaaaccccddddddeeeeeeeeefgiiiiiiklllmmmnooooooooopprrrrrrsssssssstttuuuvxx
        --..11112222224568::AACCCCDDEHHKLMPPSSSUVVVV[[[[\\\\\\\\\]]]]_aaaaaaaccccddddddeeeeeeeeefgiiiiiiklllmmmnooooooooopprrrrrrsssssssstttuuuvxx
        --..11112222224578::AACCCDDHHLMPSSUVVV[[[[\\\\\\\\\]]]]aaaaaaaccccddddddeeeeeeeeefgiiiiiiklllmmmnooooooooopprrrrrrsssssssstttuuuvxx
        --..11112222224578::ABCCCDDHHLMPSSUVVV[[[[\\\\\\\\\]]]]aaaaaaaccccddddddeeeeeeeeefgiiiiiiklllmmmnooooooooopprrrrrrsssssssstttuuuvxx
        --..11112222224578::ACCCCDDHHLMPSSUVVV[[[[\\\\\\\\\]]]]aaaaaaaccccddddddeeeeeeeeefgiiiiiiklllmmmnooooooooopprrrrrrsssssssstttuuuvxx
        --..11112222224578::ACCCDDDHHLMPSSUVVV[[[[\\\\\\\\\]]]]aaaaaaaccccddddddeeeeeeeeefgiiiiiiklllmmmnooooooooopprrrrrrsssssssstttuuuvxx
        --..11112222224588::ACCCDDEHHLMPSSUVVV[[[[\\\\\\\\\]]]]aaaaaaaccccddddddeeeeeeeeefgiiiiiiklllmmmnooooooooopprrrrrrsssssssstttuuuvxx
        --..11112222224588::ACCCDDFHHLMPSSUVVV[[[[\\\\\\\\\]]]]aaaaaaaccccddddddeeeeeeeeefgiiiiiiklllmmmnooooooooopprrrrrrsssssssstttuuuvxx
        --..11112222224588::ACCCDDGHHLMPSSUVVV[[[[\\\\\\\\\]]]]aaaaaaaccccddddddeeeeeeeeefgiiiiiiklllmmmnooooooooopprrrrrrsssssssstttuuuvxx
        --..11112222224588::ACCCDDHHHLMPSSUVVV[[[[\\\\\\\\\]]]]aaaaaaaccccddddddeeeeeeeeefgiiiiiiklllmmmnooooooooopprrrrrrsssssssstttuuuvxx
        --..11112222224589::ACCCDDHHILMPSSUVVV[[[[\\\\\\\\\]]]]aaaaaaaccccddddddeeeeeeeeefgiiiiiiklllmmmnooooooooopprrrrrrsssssssstttuuuvxx
        --..11112222224589::ACCCDDHHJLMPSSUVVV[[[[\\\\\\\\\]]]]aaaaaaaccccddddddeeeeeeeeefgiiiiiiklllmmmnooooooooopprrrrrrsssssssstttuuuvxx
        --..11112222224589::ACCCDDHHKLMPSSUVVV[[[[\\\\\\\\\]]]]aaaaaaaccccddddddeeeeeeeeefgiiiiiiklllmmmnooooooooopprrrrrrsssssssstttuuuvxx
        --..11112222224589::ACCCDDHHLLMPSSUVVV[[[[\\\\\\\\\]]]]aaaaaaaccccddddddeeeeeeeeefgiiiiiiklllmmmnooooooooopprrrrrrsssssssstttuuuvxx
        --..11112222222458::AACCCCDDEEHHKLMPPSSSUVVVV[[[[\\\\\\\\\]]]]_aaaaaaaccccddddddeeeeeeeeefgiiiiiiklllmmmnooooooooopprrrrrrsssssssstttuuuvxxstttuuuvxx
        --..01112222224458::ACCCDDHHKLMPSSUVVV[[[[\\\\\\\\\]]]]aaaaaaaccccddddddeeeeeeeeefgiiiiiiklllmmmnooooooooopprrrrrrsssssssstttuuuvxx
        --..01112222224558::ACCCDDHHLLMPSSUVVV[[[[\\\\\\\\\]]]]aaaaaaaccccddddddeeeeeeeeefgiiiiiiklllmmmnooooooooopprrrrrrsssssssstttuuuvxx
        --..01112222224558::AACCCCDDEEHHKLMPPSSSUVVVV[[[[\\\\\\\\\]]]]_aaaaaaaccccddddddeeeeeeeeefgiiiiiiklllmmmnooooooooopprrrrrrsssssssstttuuuvxxrrrrrrsssssssstttuuuvxx
        --..00112222222458::ACCCDDDHHLMPSSUVVV[[[[\\\\\\\\\]]]]aaaaaaaccccddddddeeeeeeeeefgiiiiiiklllmmmnooooooooopprrrrrrsssssssstttuuuvxx
        --..00112222222458::ACCCDDEHHLMPSSUVVV[[[[\\\\\\\\\]]]]aaaaaaaccccddddddeeeeeeeeefgiiiiiiklllmmmnooooooooopprrrrrrsssssssstttuuuvxx
        --..00112222222458::ACCCDDFHHLMPSSUVVV[[[[\\\\\\\\\]]]]aaaaaaaccccddddddeeeeeeeeefgiiiiiiklllmmmnooooooooopprrrrrrsssssssstttuuuvxx
        --..01112222222458::ACCCDDGHHLMPSSUVVV[[[[\\\\\\\\\]]]]aaaaaaaccccddddddeeeeeeeeefgiiiiiiklllmmmnooooooooopprrrrrrsssssssstttuuuvxx
        --..01112222222458::ACCCDDHHHLMPSSUVVV[[[[\\\\\\\\\]]]]aaaaaaaccccddddddeeeeeeeeefgiiiiiiklllmmmnooooooooopprrrrrrsssssssstttuuuvxx
        --..01112222222458::ACCCDDHHILMPSSUVVV[[[[\\\\\\\\\]]]]aaaaaaaccccddddddeeeeeeeeefgiiiiiiklllmmmnooooooooopprrrrrrsssssssstttuuuvxx
        --..01112222222458::ACCCDDHHJLMPSSUVVV[[[[\\\\\\\\\]]]]aaaaaaaccccddddddeeeeeeeeefgiiiiiiklllmmmnooooooooopprrrrrrsssssssstttuuuvxx
        --..01122222222458::ACCCDDHHKLMPSSUVVV[[[[\\\\\\\\\]]]]aaaaaaaccccddddddeeeeeeeeefgiiiiiiklllmmmnooooooooopprrrrrrsssssssstttuuuvxx
        --..01122222222458::ACCCDDHHLLMPSSUVVV[[[[\\\\\\\\\]]]]aaaaaaaccccddddddeeeeeeeeefgiiiiiiklllmmmnooooooooopprrrrrrsssssssstttuuuvxx
        --..01122222223458::AACCCCDDEEHHKLMPPSSSUVVVV[[[[\\\\\\\\\]]]]_aaaaaaaccccddddddeeeeeeeeefgiiiiiiklllmmmnooooooooopprrrrrrsssssssstttuuuvxx