OS: type: Windows
Version: Windows 1010.0.19044
Hostname: LAPTOP-891V1DST
Locale: en-US

Keylogs:
[23:14:25][\Device\HarddiskVolume5\Users\x2421\AppData\Local\Programs\Microsoft VS Code\Code.exe][main.rs - CS128H_Final_Project - Visual Studio Code][VK_LBUTTON:1097,628]
[23:14:25][\Device\HarddiskVolume5\Users\x2421\AppData\Local\Programs\Microsoft VS Code\Code.exe][main.rs - CS128H_Final_Project - Visual Studio Code][VK_RETURN]
[23:14:25][\Device\HarddiskVolume5\Users\x2421\AppData\Local\Programs\Microsoft VS Code\Code.exe][main.rs - CS128H_Final_Project - Visual Studio Code][VK_CONTROL]
[23:14:25][\Device\HarddiskVolume5\Users\x2421\AppData\Local\Programs\Microsoft VS Code\Code.exe][main.rs - CS128H_Final_Project - Visual Studio Code][VK_SPACE]
[23:14:25][\Device\HarddiskVolume5\Users\x2421\AppData\Local\Programs\Microsoft VS Code\Code.exe][main.rs - CS128H_Final_Project - Visual Studio Code][VK_LEFT]
[23:14:25][\Device\HarddiskVolume5\Users\x2421\AppData\Local\Programs\Microsoft VS Code\Code.exe][main.rs - CS128H_Final_Project - Visual Studio Code][VK_UP]
[23:14:25][\Device\HarddiskVolume5\Users\x2421\AppData\Local\Programs\Microsoft VS Code\Code.exe][main.rs - CS128H_Final_Project - Visual Studio Code][A]
[23:14:25][\Device\HarddiskVolume5\Users\x2421\AppData\Local\Programs\Microsoft VS Code\Code.exe][main.rs - CS128H_Final_Project - Visual Studio Code][B]
[23:14:25][\Device\HarddiskVolume5\Users\x2421\AppData\Local\Programs\Microsoft VS Code\Code.exe][main.rs - CS128H_Final_Project - Visual Studio Code][C]
[23:14:25][\Device\HarddiskVolume5\Users\x2421\AppData\Local\Programs\Microsoft VS Code\Code.exe][main.rs - CS128H_Final_Project - Visual Studio Code][D]
[23:14:25][\Device\HarddiskVolume5\Users\x2421\AppData\Local\Programs\Microsoft VS Code\Code.exe][main.rs - CS128H_Final_Project - Visual Studio Code][E]
[23:14:25][\Device\HarddiskVolume5\Users\x2421\AppData\Local\Programs\Microsoft VS Code\Code.exe][main.rs - CS128H_Final_Project - Visual Studio Code][G]
[23:14:25][\Device\HarddiskVolume5\Users\x2421\AppData\Local\Programs\Microsoft VS Code\Code.exe][main.rs - CS128H_Final_Project - Visual Studio Code][I]
[23:14:25][\Device\HarddiskVolume5\Users\x2421\AppData\Local\Programs\Microsoft VS Code\Code.exe][main.rs - CS128H_Final_Project - Visual Studio Code][K]
[23:14:25][\Device\HarddiskVolume5\Users\x2421\AppData\Local\Programs\Microsoft VS Code\Code.exe][main.rs - CS128H_Final_Project - Visual Studio Code][L]
[23:14:25][\Device\HarddiskVolume5\Users\x2421\AppData\Local\Programs\Microsoft VS Code\Code.exe][main.rs - CS128H_Final_Project - Visual Studio Code][N]
[23:14:25][\Device\HarddiskVolume5\Users\x2421\AppData\Local\Programs\Microsoft VS Code\Code.exe][main.rs - CS128H_Final_Project - Visual Studio Code][O]
[23:14:25][\Device\HarddiskVolume5\Users\x2421\AppData\Local\Programs\Microsoft VS Code\Code.exe][main.rs - CS128H_Final_Project - Visual Studio Code][R]
[23:14:25][\Device\HarddiskVolume5\Users\x2421\AppData\Local\Programs\Microsoft VS Code\Code.exe][main.rs - CS128H_Final_Project - Visual Studio Code][S]
[23:14:25][\Device\HarddiskVolume5\Users\x2421\AppData\Local\Programs\Microsoft VS Code\Code.exe][main.rs - CS128H_Final_Project - Visual Studio Code][U]
[23:14:25][\Device\HarddiskVolume5\Users\x2421\AppData\Local\Programs\Microsoft VS Code\Code.exe][main.rs - CS128H_Final_Project - Visual Studio Code][Y]
[23:14:25][\Device\HarddiskVolume5\Users\x2421\AppData\Local\Programs\Microsoft VS Code\Code.exe][main.rs - CS128H_Final_Project - Visual Studio Code][VK_LCONTROL]
[23:14:25][\Device\HarddiskVolume5\Users\x2421\AppData\Local\Programs\Microsoft VS Code\Code.exe][main.rs - CS128H_Final_Project - Visual Studio Code][VK_OEM_PERIOD]
[23:14:25][\Device\HarddiskVolume5\Users\x2421\AppData\Local\Programs\Microsoft VS Code\Code.exe][main.rs - CS128H_Final_Project - Visual Studio Code][VK_OEM_2]
[23:14:28][\Device\HarddiskVolume5\Users\x2421\AppData\Local\Programs\Microsoft VS Code\Code.exe][main.rs - CS128H_Final_Project - Visual Studio Code][VK_LBUTTON:112,292]
[23:14:28][\Device\HarddiskVolume5\Users\x2421\AppData\Local\Programs\Microsoft VS Code\Code.exe][main.rs - CS128H_Final_Project - Visual Studio Code][VK_LBUTTON:112,292]
[23:14:32][\Device\HarddiskVolume5\Users\x2421\AppData\Local\Programs\Microsoft VS Code\Code.exe][main.rs - CS128H_Final_Project - Visual Studio Code][VK_LBUTTON:1395,498]
